[33mERROR[39m: Verb: POST - URL: / - Date: 9/7/2024, 19:13:00 - Message: 401: Bad auth!
[33mERROR[39m: Verb: GET - URL: /668368449f86e762f90a6c27 - Date: 10/7/2024, 17:08:19 - Message: 404: Not found!
[33mERROR[39m: Verb: GET - URL: /668368449f86e762f90a6c27 - Date: 10/7/2024, 17:09:01 - Message: 404: Not found!
[33mERROR[39m: Verb: POST - URL: / - Date: 10/7/2024, 17:10:19 - Message: 401: Bad auth!
[33mERROR[39m: Verb: GET - URL: /api/products/662d9c71ab64c54c8fa7b4f - Message: Cast to ObjectId failed for value "662d9c71ab64c54c8fa7b4f" (type string) at path "_id" for model "products" - Date: 10/7/2024, 17:12:44.
[33mERROR[39m: Verb: GET - URL: /api/products/662d9c71ab64c54c8fa7b4f - Message: Cast to ObjectId failed for value "662d9c71ab64c54c8fa7b4f" (type string) at path "_id" for model "products" - Date: 10/7/2024, 17:12:47.
[33mERROR[39m: Verb: GET - URL: /662d9c71ab64c54c8fa7b4f3 - Date: 10/7/2024, 17:13:13 - Message: 404: Not found!
[33mERROR[39m: Verb: GET - URL: /662d9c71ab64c54c8fa7b4f3 - Date: 10/7/2024, 17:13:14 - Message: 404: Not found!
[33mERROR[39m: Verb: POST - URL: /api/products - Message: Unexpected token } in JSON at position 614 - Date: 21/7/2024, 16:07:09.
[33mERROR[39m: Verb: POST - URL: / - Date: 21/7/2024, 16:07:19 - Message: 403: Forbidden!
[33mERROR[39m: Verb: POST - URL: /api/products - Message: Bad request: title field is required. - Date: 21/7/2024, 20:50:48.
[33mERROR[39m: Verb: GET - URL: / - Date: 21/7/2024, 21:00:20 - Message: 404: Not found!
[33mERROR[39m: Verb: GET - URL: / - Date: 21/7/2024, 21:00:26 - Message: 404: Not found!
[33mERROR[39m: Verb: GET - URL: /669d9e4869d1b56613ad4be6 - Date: 22/7/2024, 2:14:40 - Message: 404: Not found!
[33mERROR[39m: Verb: GET - URL: /669d9e4869d1b56613ad4be6 - Date: 22/7/2024, 2:15:12 - Message: 404: Not found!
[33mERROR[39m: Verb: GET - URL: /669d9e4869d1b56613ad4be6 - Date: 22/7/2024, 2:15:15 - Message: 404: Not found!
[33mERROR[39m: Verb: GET - URL: /669d9e4869d1b56613ad4be6 - Date: 22/7/2024, 2:15:15 - Message: 404: Not found!
[33mERROR[39m: Verb: GET - URL: /669d9e4869d1b56613ad4be6 - Date: 22/7/2024, 2:15:17 - Message: 404: Not found!
[33mERROR[39m: Verb: GET - URL: /669d9e4869d1b56612ad4be8 - Date: 22/7/2024, 2:15:34 - Message: 404: Not found!
[33mERROR[39m: Verb: GET - URL: /669d9e4869d1b56612ad4be8 - Date: 22/7/2024, 2:15:34 - Message: 404: Not found!
[33mERROR[39m: Verb: GET - URL: / - Date: 22/7/2024, 2:19:13 - Message: 404: Not found!
[33mERROR[39m: Verb: POST - URL: /api/sessions/register - Message: ,,, - Date: 23/7/2024, 11:55:52.
[33mERROR[39m: Verb: POST - URL: /api/sessions/register - Message: ,,, - Date: 23/7/2024, 11:56:04.
[33mERROR[39m: Verb: POST - URL: /api/sessions/register - Message: ,,,, - Date: 23/7/2024, 11:58:40.
[33mERROR[39m: Verb: POST - URL: /api/sessions/login - Message: Unexpected token } in JSON at position 52 - Date: 23/7/2024, 12:01:08.
[33mERROR[39m: Verb: POST - URL: /api/sessions/login - Message: ,,, - Date: 23/7/2024, 12:01:14.
[33mERROR[39m: Verb: POST - URL: /api/sessions/login - Message: ,,, - Date: 23/7/2024, 12:01:55.
[33mERROR[39m: Verb: POST - URL: /api/sessions/login - Message: ¡Email and password fields are required! - Date: 23/7/2024, 12:02:40.
[33mERROR[39m: Verb: POST - URL: /api/sessions/register - Message: ,,, - Date: 23/7/2024, 12:02:55.
[33mERROR[39m: Verb: POST - URL: /api/sessions/register - Message: ,,, - Date: 23/7/2024, 12:04:07.
[33mERROR[39m: Verb: POST - URL: /api/sessions/register - Message: ,,, - Date: 23/7/2024, 12:04:40.
[33mERROR[39m: Verb: POST - URL: /api/sessions/register - Message: ,,, - Date: 23/7/2024, 12:07:42.
[33mERROR[39m: Verb: POST - URL: /api/sessions/register - Message: ,,, - Date: 23/7/2024, 12:10:32.
[33mERROR[39m: Verb: POST - URL: /api/sessions/register - Message: "email" is required,"username" is required,"verified" is required,"role" is required - Date: 23/7/2024, 12:17:46.
[33mERROR[39m: Verb: POST - URL: /api/sessions/register - Message: "email" is required,"username" is required,"password" is required,"verified" is required,"role" is required - Date: 23/7/2024, 12:20:36.
[33mERROR[39m: Verb: POST - URL: /api/sessions/register - Message: "email" is required,"username" is required,"password" must be a string,"verified" is required,"role" is required - Date: 23/7/2024, 12:21:03.
